0 info it worked if it ends with ok
1 verbose cli [ '/usr/local/bin/node', '/usr/local/bin/npm', 'run', 'dev' ]
2 info using npm@3.9.5
3 info using node@v6.2.2
4 verbose run-script [ 'predev', 'dev', 'postdev' ]
5 info lifecycle users@1.0.0~predev: users@1.0.0
6 silly lifecycle users@1.0.0~predev: no script for predev, continuing
7 info lifecycle users@1.0.0~dev: users@1.0.0
8 verbose lifecycle users@1.0.0~dev: unsafe-perm in lifecycle true
9 verbose lifecycle users@1.0.0~dev: PATH: /usr/local/lib/node_modules/npm/bin/node-gyp-bin:/Users/timurista/projects/react-native/graphql/auth-graphql/node_modules/.bin:/usr/local/bin:/usr/local/bin:/usr/local/bin:/usr/bin:/bin:/usr/sbin:/sbin:/opt/X11/bin:/usr/local/git/bin
10 verbose lifecycle users@1.0.0~dev: CWD: /Users/timurista/projects/react-native/graphql/auth-graphql
11 silly lifecycle users@1.0.0~dev: Args: [ '-c', 'nodemon index.js' ]
12 info lifecycle users@1.0.0~dev: Failed to exec dev script
13 verbose stack Error: users@1.0.0 dev: `nodemon index.js`
13 verbose stack spawn ENOENT
13 verbose stack     at ChildProcess.<anonymous> (/usr/local/lib/node_modules/npm/lib/utils/spawn.js:17:16)
13 verbose stack     at emitTwo (events.js:106:13)
13 verbose stack     at ChildProcess.emit (events.js:191:7)
13 verbose stack     at maybeClose (internal/child_process.js:852:16)
13 verbose stack     at Process.ChildProcess._handle.onexit (internal/child_process.js:215:5)
14 verbose pkgid users@1.0.0
15 verbose cwd /Users/timurista/projects/react-native/graphql/auth-graphql
16 error Darwin 14.5.0
17 error argv "/usr/local/bin/node" "/usr/local/bin/npm" "run" "dev"
18 error node v6.2.2
19 error npm  v3.9.5
20 error file sh
21 error code ELIFECYCLE
22 error errno ENOENT
23 error syscall spawn
24 error users@1.0.0 dev: `nodemon index.js`
24 error spawn ENOENT
25 error Failed at the users@1.0.0 dev script 'nodemon index.js'.
25 error Make sure you have the latest version of node.js and npm installed.
25 error If you do, this is most likely a problem with the users package,
25 error not with npm itself.
25 error Tell the author that this fails on your system:
25 error     nodemon index.js
25 error You can get information on how to open an issue for this project with:
25 error     npm bugs users
25 error Or if that isn't available, you can get their info via:
25 error     npm owner ls users
25 error There is likely additional logging output above.
26 verbose exit [ 1, true ]
